<?xml version="1.0" encoding="UTF-8"?>
<!-- Generated by org.testng.reporters.JUnitReportReporter -->
<testsuite hostname="LAPTOP-N1FNJ9SA" failures="0" tests="1" name="testCasess.LoginTestCase" time="89.566" errors="0" timestamp="2025-02-11T22:50:19 IST" skipped="0">
  <testcase classname="testCasess.LoginTestCase" name="login" time="89.566"/>
</testsuite> <!-- testCasess.LoginTestCase -->
